#
# There is insufficient memory for the Java Runtime Environment to continue.
# Native memory allocation (malloc) failed to allocate 1750800 bytes for Chunk::new
# Possible reasons:
#   The system is out of physical RAM or swap space
#   The process is running with CompressedOops enabled, and the Java Heap may be blocking the growth of the native heap
# Possible solutions:
#   Reduce memory load on the system
#   Increase physical memory or swap space
#   Check if swap backing store is full
#   Decrease Java heap size (-Xmx/-Xms)
#   Decrease number of Java threads
#   Decrease Java thread stack sizes (-Xss)
#   Set larger code cache with -XX:ReservedCodeCacheSize=
#   JVM is running with Unscaled Compressed Oops mode in which the Java heap is
#     placed in the first 4GB address space. The Java Heap base address is the
#     maximum limit for the native heap growth. Please use -XX:HeapBaseMinAddress
#     to set the Java Heap base and to place the Java Heap above 4GB virtual address.
# This output file may be truncated or incomplete.
#
#  Out of Memory Error (allocation.cpp:389), pid=17576, tid=0x00000000000078a4
#
# JRE version: OpenJDK Runtime Environment (Zulu 8.68.0.21-CA-win64) (8.0_362-b09) (build 1.8.0_362-b09)
# Java VM: OpenJDK 64-Bit Server VM (25.362-b09 mixed mode windows-amd64 compressed oops)
# Failed to write core dump. Minidumps are not enabled by default on client versions of Windows
#

---------------  T H R E A D  ---------------

Current thread (0x000001225495f000):  JavaThread "C2 CompilerThread0" daemon [_thread_in_native, id=30884, stack(0x00000008c5f00000,0x00000008c6000000)]

Stack: [0x00000008c5f00000,0x00000008c6000000]
[error occurred during error reporting (printing stack bounds), id 0xc0000005]

Native frames: (J=compiled Java code, j=interpreted, Vv=VM code, C=native code)


Current CompileTask:
C2:  23356 4166   !   4       java.net.URLClassLoader$1::run (81 bytes)


---------------  P R O C E S S  ---------------

Java Threads: ( => current thread )
  0x0000012254c88800 JavaThread "Okio Watchdog" daemon [_thread_blocked, id=13080, stack(0x00000008c6c00000,0x00000008c6d00000)]
  0x00000122551ca800 JavaThread "OkHttp ConnectionPool" daemon [_thread_blocked, id=14248, stack(0x00000008c6b00000,0x00000008c6c00000)]
  0x0000012255702800 JavaThread "Exec Stream Pumper" daemon [_thread_in_native, id=24172, stack(0x00000008c6700000,0x00000008c6800000)]
  0x000001225534c000 JavaThread "Exec Stream Pumper" daemon [_thread_in_native, id=32608, stack(0x00000008c6600000,0x00000008c6700000)]
  0x00000122579eb800 JavaThread "Exec Default Executor" daemon [_thread_in_native, id=6576, stack(0x00000008c6400000,0x00000008c6500000)]
  0x0000012254a2e800 JavaThread "Service Thread" daemon [_thread_blocked, id=2528, stack(0x00000008c6200000,0x00000008c6300000)]
  0x00000122549f1000 JavaThread "C1 CompilerThread2" daemon [_thread_blocked, id=31840, stack(0x00000008c6100000,0x00000008c6200000)]
  0x000001225499f800 JavaThread "C2 CompilerThread1" daemon [_thread_in_native, id=21232, stack(0x00000008c6000000,0x00000008c6100000)]
=>0x000001225495f000 JavaThread "C2 CompilerThread0" daemon [_thread_in_native, id=30884, stack(0x00000008c5f00000,0x00000008c6000000)]
  0x00000122549e7000 JavaThread "Attach Listener" daemon [_thread_blocked, id=30032, stack(0x00000008c5e00000,0x00000008c5f00000)]
  0x00000122549e6000 JavaThread "Signal Dispatcher" daemon [_thread_blocked, id=31000, stack(0x00000008c5d00000,0x00000008c5e00000)]
  0x00000122535ba000 JavaThread "Finalizer" daemon [_thread_blocked, id=32592, stack(0x00000008c5c00000,0x00000008c5d00000)]
  0x00000122535b3000 JavaThread "Reference Handler" daemon [_thread_blocked, id=32584, stack(0x00000008c5b00000,0x00000008c5c00000)]
  0x000001223d11a800 JavaThread "Forwarding executeAsyncScript on session 155bb68e-7034-4346-8000-9931f9fd4b4c to remote" [_thread_in_native, id=32328, stack(0x00000008c5500000,0x00000008c5600000)]

Other Threads:
  0x0000012253592000 VMThread [stack: 0x00000008c5a00000,0x00000008c5b00000] [id=31208]
  0x0000012254a2f800 WatcherThread [stack: 0x00000008c6300000,0x00000008c6400000] [id=29012]

VM state:not at safepoint (normal execution)

VM Mutex/Monitor currently owned by a thread: None

heap address: 0x0000000080000000, size: 2048 MB, Compressed Oops mode: 32-bit
Narrow klass base: 0x0000000000000000, Narrow klass shift: 3
Compressed class space size: 1073741824 Address: 0x0000000100000000

Heap:
 PSYoungGen      total 292352K, used 266208K [0x00000000d5580000, 0x00000000e7e80000, 0x0000000100000000)
  eden space 282624K, 90% used [0x00000000d5580000,0x00000000e50382f0,0x00000000e6980000)
  from space 9728K, 97% used [0x00000000e7480000,0x00000000e7dc0000,0x00000000e7e00000)
  to   space 10752K, 0% used [0x00000000e6980000,0x00000000e6980000,0x00000000e7400000)
 ParOldGen       total 81408K, used 9358K [0x0000000080000000, 0x0000000084f80000, 0x00000000d5580000)
  object space 81408K, 11% used [0x0000000080000000,0x00000000809239b0,0x0000000084f80000)
 Metaspace       used 33229K, capacity 34452K, committed 34688K, reserved 1079296K
  class space    used 3858K, capacity 4190K, committed 4224K, reserved 1048576K

Card table byte_map: [0x000001224df00000,0x000001224e310000] byte_map_base: 0x000001224db00000

Marking Bits: (ParMarkBitMap*) 0x0000000052835390
 Begin Bits: [0x000001224e5c0000, 0x00000122505c0000)
 End Bits:   [0x00000122505c0000, 0x00000122525c0000)

Polling page: 0x000001223d2e0000

CodeCache: size=245760Kb used=15490Kb max_used=16125Kb free=230269Kb
 bounds [0x000001223eb40000, 0x000001223fb10000, 0x000001224db40000]
 total_blobs=4422 nmethods=3712 adapters=619
 compilation: enabled

Compilation events (10 events):
Event: 23.203 Thread 0x00000122549f1000 4181       1       java.beans.Introspector::getTargetDefaultPropertyIndex (5 bytes)
Event: 23.203 Thread 0x00000122549f1000 nmethod 4181 0x000001223f4fb050 code [0x000001223f4fb1a0, 0x000001223f4fb2b8]
Event: 23.204 Thread 0x00000122549f1000 4182       1       java.util.concurrent.locks.AbstractOwnableSynchronizer::getExclusiveOwnerThread (5 bytes)
Event: 23.204 Thread 0x00000122549f1000 nmethod 4182 0x000001223f17bf10 code [0x000001223f17c060, 0x000001223f17c178]
Event: 23.230 Thread 0x00000122549f1000 4185       3       sun.security.jca.ProviderList$ServiceList::tryGet (181 bytes)
Event: 23.233 Thread 0x00000122549f1000 nmethod 4185 0x000001223f445210 code [0x000001223f445460, 0x000001223f4462e0]
Event: 23.267 Thread 0x00000122549f1000 4186       3       java.security.MessageDigest::digest (12 bytes)
Event: 23.268 Thread 0x00000122549f1000 nmethod 4186 0x000001223f171050 code [0x000001223f1711c0, 0x000001223f1713f0]
Event: 23.268 Thread 0x00000122549f1000 4187       3       java.security.MessageDigest$Delegate::engineDigest (8 bytes)
Event: 23.268 Thread 0x00000122549f1000 nmethod 4187 0x000001223f3e6210 code [0x000001223f3e6380, 0x000001223f3e65b0]

GC Heap History (10 events):
Event: 3.511 GC heap before
{Heap before GC invocations=7 (full 1):
 PSYoungGen      total 104960K, used 97280K [0x00000000d5580000, 0x00000000e2780000, 0x0000000100000000)
  eden space 97280K, 100% used [0x00000000d5580000,0x00000000db480000,0x00000000db480000)
  from space 7680K, 0% used [0x00000000db480000,0x00000000db480000,0x00000000dbc00000)
  to   space 10240K, 0% used [0x00000000e1d80000,0x00000000e1d80000,0x00000000e2780000)
 ParOldGen       total 81408K, used 9342K [0x0000000080000000, 0x0000000084f80000, 0x00000000d5580000)
  object space 81408K, 11% used [0x0000000080000000,0x000000008091f9b0,0x0000000084f80000)
 Metaspace       used 22847K, capacity 23234K, committed 23424K, reserved 1071104K
  class space    used 2513K, capacity 2650K, committed 2688K, reserved 1048576K
Event: 3.514 GC heap after
Heap after GC invocations=7 (full 1):
 PSYoungGen      total 150528K, used 3125K [0x00000000d5580000, 0x00000000e2100000, 0x0000000100000000)
  eden space 146944K, 0% used [0x00000000d5580000,0x00000000d5580000,0x00000000de500000)
  from space 3584K, 87% used [0x00000000e1d80000,0x00000000e208d5d8,0x00000000e2100000)
  to   space 10752K, 0% used [0x00000000e0c00000,0x00000000e0c00000,0x00000000e1680000)
 ParOldGen       total 81408K, used 9350K [0x0000000080000000, 0x0000000084f80000, 0x00000000d5580000)
  object space 81408K, 11% used [0x0000000080000000,0x00000000809219b0,0x0000000084f80000)
 Metaspace       used 22847K, capacity 23234K, committed 23424K, reserved 1071104K
  class space    used 2513K, capacity 2650K, committed 2688K, reserved 1048576K
}
Event: 4.078 GC heap before
{Heap before GC invocations=8 (full 1):
 PSYoungGen      total 150528K, used 150069K [0x00000000d5580000, 0x00000000e2100000, 0x0000000100000000)
  eden space 146944K, 100% used [0x00000000d5580000,0x00000000de500000,0x00000000de500000)
  from space 3584K, 87% used [0x00000000e1d80000,0x00000000e208d5d8,0x00000000e2100000)
  to   space 10752K, 0% used [0x00000000e0c00000,0x00000000e0c00000,0x00000000e1680000)
 ParOldGen       total 81408K, used 9350K [0x0000000080000000, 0x0000000084f80000, 0x00000000d5580000)
  object space 81408K, 11% used [0x0000000080000000,0x00000000809219b0,0x0000000084f80000)
 Metaspace       used 23473K, capacity 23844K, committed 24064K, reserved 1071104K
  class space    used 2582K, capacity 2724K, committed 2816K, reserved 1048576K
Event: 4.086 GC heap after
Heap after GC invocations=8 (full 1):
 PSYoungGen      total 197632K, used 6736K [0x00000000d5580000, 0x00000000e4280000, 0x0000000100000000)
  eden space 186880K, 0% used [0x00000000d5580000,0x00000000d5580000,0x00000000e0c00000)
  from space 10752K, 62% used [0x00000000e0c00000,0x00000000e1294010,0x00000000e1680000)
  to   space 10240K, 0% used [0x00000000e3880000,0x00000000e3880000,0x00000000e4280000)
 ParOldGen       total 81408K, used 9350K [0x0000000080000000, 0x0000000084f80000, 0x00000000d5580000)
  object space 81408K, 11% used [0x0000000080000000,0x00000000809219b0,0x0000000084f80000)
 Metaspace       used 23473K, capacity 23844K, committed 24064K, reserved 1071104K
  class space    used 2582K, capacity 2724K, committed 2816K, reserved 1048576K
}
Event: 4.914 GC heap before
{Heap before GC invocations=9 (full 1):
 PSYoungGen      total 197632K, used 193616K [0x00000000d5580000, 0x00000000e4280000, 0x0000000100000000)
  eden space 186880K, 100% used [0x00000000d5580000,0x00000000e0c00000,0x00000000e0c00000)
  from space 10752K, 62% used [0x00000000e0c00000,0x00000000e1294010,0x00000000e1680000)
  to   space 10240K, 0% used [0x00000000e3880000,0x00000000e3880000,0x00000000e4280000)
 ParOldGen       total 81408K, used 9350K [0x0000000080000000, 0x0000000084f80000, 0x00000000d5580000)
  object space 81408K, 11% used [0x0000000080000000,0x00000000809219b0,0x0000000084f80000)
 Metaspace       used 23785K, capacity 24240K, committed 24576K, reserved 1071104K
  class space    used 2585K, capacity 2728K, committed 2816K, reserved 1048576K
Event: 4.924 GC heap after
Heap after GC invocations=9 (full 1):
 PSYoungGen      total 232448K, used 6704K [0x00000000d5580000, 0x00000000e7a80000, 0x0000000100000000)
  eden space 222208K, 0% used [0x00000000d5580000,0x00000000d5580000,0x00000000e2e80000)
  from space 10240K, 65% used [0x00000000e3880000,0x00000000e3f0c010,0x00000000e4280000)
  to   space 10240K, 0% used [0x00000000e2e80000,0x00000000e2e80000,0x00000000e3880000)
 ParOldGen       total 81408K, used 9350K [0x0000000080000000, 0x0000000084f80000, 0x00000000d5580000)
  object space 81408K, 11% used [0x0000000080000000,0x00000000809219b0,0x0000000084f80000)
 Metaspace       used 23785K, capacity 24240K, committed 24576K, reserved 1071104K
  class space    used 2585K, capacity 2728K, committed 2816K, reserved 1048576K
}
Event: 5.683 GC heap before
{Heap before GC invocations=10 (full 1):
 PSYoungGen      total 232448K, used 228912K [0x00000000d5580000, 0x00000000e7a80000, 0x0000000100000000)
  eden space 222208K, 100% used [0x00000000d5580000,0x00000000e2e80000,0x00000000e2e80000)
  from space 10240K, 65% used [0x00000000e3880000,0x00000000e3f0c010,0x00000000e4280000)
  to   space 10240K, 0% used [0x00000000e2e80000,0x00000000e2e80000,0x00000000e3880000)
 ParOldGen       total 81408K, used 9350K [0x0000000080000000, 0x0000000084f80000, 0x00000000d5580000)
  object space 81408K, 11% used [0x0000000080000000,0x00000000809219b0,0x0000000084f80000)
 Metaspace       used 24058K, capacity 24644K, committed 24832K, reserved 1071104K
  class space    used 2590K, capacity 2732K, committed 2816K, reserved 1048576K
Event: 5.688 GC heap after
Heap after GC invocations=10 (full 1):
 PSYoungGen      total 232448K, used 6960K [0x00000000d5580000, 0x00000000e7e00000, 0x0000000100000000)
  eden space 222208K, 0% used [0x00000000d5580000,0x00000000d5580000,0x00000000e2e80000)
  from space 10240K, 67% used [0x00000000e2e80000,0x00000000e354c010,0x00000000e3880000)
  to   space 9728K, 0% used [0x00000000e7480000,0x00000000e7480000,0x00000000e7e00000)
 ParOldGen       total 81408K, used 9358K [0x0000000080000000, 0x0000000084f80000, 0x00000000d5580000)
  object space 81408K, 11% used [0x0000000080000000,0x00000000809239b0,0x0000000084f80000)
 Metaspace       used 24058K, capacity 24644K, committed 24832K, reserved 1071104K
  class space    used 2590K, capacity 2732K, committed 2816K, reserved 1048576K
}
Event: 6.707 GC heap before
{Heap before GC invocations=11 (full 1):
 PSYoungGen      total 232448K, used 229168K [0x00000000d5580000, 0x00000000e7e00000, 0x0000000100000000)
  eden space 222208K, 100% used [0x00000000d5580000,0x00000000e2e80000,0x00000000e2e80000)
  from space 10240K, 67% used [0x00000000e2e80000,0x00000000e354c010,0x00000000e3880000)
  to   space 9728K, 0% used [0x00000000e7480000,0x00000000e7480000,0x00000000e7e00000)
 ParOldGen       total 81408K, used 9358K [0x0000000080000000, 0x0000000084f80000, 0x00000000d5580000)
  object space 81408K, 11% used [0x0000000080000000,0x00000000809239b0,0x0000000084f80000)
 Metaspace       used 25588K, capacity 26208K, committed 26368K, reserved 1073152K
  class space    used 2814K, capacity 2991K, committed 3072K, reserved 1048576K
Event: 6.717 GC heap after
Heap after GC invocations=11 (full 1):
 PSYoungGen      total 292352K, used 9472K [0x00000000d5580000, 0x00000000e7e80000, 0x0000000100000000)
  eden space 282624K, 0% used [0x00000000d5580000,0x00000000d5580000,0x00000000e6980000)
  from space 9728K, 97% used [0x00000000e7480000,0x00000000e7dc0000,0x00000000e7e00000)
  to   space 10752K, 0% used [0x00000000e6980000,0x00000000e6980000,0x00000000e7400000)
 ParOldGen       total 81408K, used 9358K [0x0000000080000000, 0x0000000084f80000, 0x00000000d5580000)
  object space 81408K, 11% used [0x0000000080000000,0x00000000809239b0,0x0000000084f80000)
 Metaspace       used 25588K, capacity 26208K, committed 26368K, reserved 1073152K
  class space    used 2814K, capacity 2991K, committed 3072K, reserved 1048576K
}

Deoptimization events (10 events):
Event: 8.789 Thread 0x000001223d11a800 Uncommon trap: reason=class_check action=maybe_recompile pc=0x000001223fa7ba18 method=java.io.DataInputStream.readChar()C @ 4
Event: 8.789 Thread 0x000001223d11a800 Uncommon trap: reason=class_check action=maybe_recompile pc=0x000001223fa7ba18 method=java.io.DataInputStream.readChar()C @ 4
Event: 8.789 Thread 0x000001223d11a800 Uncommon trap: reason=class_check action=maybe_recompile pc=0x000001223fa7ba18 method=java.io.DataInputStream.readChar()C @ 4
Event: 8.824 Thread 0x000001223d11a800 Uncommon trap: reason=class_check action=maybe_recompile pc=0x000001223fa2770c method=java.util.HashSet.contains(Ljava/lang/Object;)Z @ 5
Event: 8.824 Thread 0x000001223d11a800 Uncommon trap: reason=class_check action=maybe_recompile pc=0x000001223fa2770c method=java.util.HashSet.contains(Ljava/lang/Object;)Z @ 5
Event: 20.398 Thread 0x000001223d11a800 Uncommon trap: reason=class_check action=maybe_recompile pc=0x000001223facdd50 method=com.google.common.collect.RegularImmutableMap.get(Ljava/lang/Object;[Lcom/google/common/collect/ImmutableMapEntry;I)Ljava/lang/Object; @ 11
Event: 20.398 Thread 0x000001223d11a800 Uncommon trap: reason=class_check action=maybe_recompile pc=0x000001223facdd50 method=com.google.common.collect.RegularImmutableMap.get(Ljava/lang/Object;[Lcom/google/common/collect/ImmutableMapEntry;I)Ljava/lang/Object; @ 11
Event: 21.078 Thread 0x000001223d11a800 Uncommon trap: reason=class_check action=maybe_recompile pc=0x000001223facdd50 method=com.google.common.collect.RegularImmutableMap.get(Ljava/lang/Object;[Lcom/google/common/collect/ImmutableMapEntry;I)Ljava/lang/Object; @ 11
Event: 21.079 Thread 0x000001223d11a800 Uncommon trap: reason=class_check action=maybe_recompile pc=0x000001223facdd50 method=com.google.common.collect.RegularImmutableMap.get(Ljava/lang/Object;[Lcom/google/common/collect/ImmutableMapEntry;I)Ljava/lang/Object; @ 11
Event: 22.703 Thread 0x000001223d11a800 Uncommon trap: reason=unstable_if action=reinterpret pc=0x000001223f764030 method=java.lang.Character.isHighSurrogate(C)Z @ 3

Classes redefined (0 events):
No events

Internal exceptions (10 events):
Event: 23.003 Thread 0x000001223d11a800 Exception <a 'java/security/PrivilegedActionException'> (0x00000000e454bf08) thrown at [C:\jenkins\workspace\zulu-platform-build\zulu-src.git\hotspot\src\share\vm\prims\jvm.cpp, line 1514]
Event: 23.069 Thread 0x000001223d11a800 Exception <a 'java/security/PrivilegedActionException'> (0x00000000e47656a0) thrown at [C:\jenkins\workspace\zulu-platform-build\zulu-src.git\hotspot\src\share\vm\prims\jvm.cpp, line 1514]
Event: 23.069 Thread 0x000001223d11a800 Exception <a 'java/security/PrivilegedActionException'> (0x00000000e4766608) thrown at [C:\jenkins\workspace\zulu-platform-build\zulu-src.git\hotspot\src\share\vm\prims\jvm.cpp, line 1514]
Event: 23.070 Thread 0x000001223d11a800 Exception <a 'java/security/PrivilegedActionException'> (0x00000000e477b6f8) thrown at [C:\jenkins\workspace\zulu-platform-build\zulu-src.git\hotspot\src\share\vm\prims\jvm.cpp, line 1514]
Event: 23.070 Thread 0x000001223d11a800 Exception <a 'java/security/PrivilegedActionException'> (0x00000000e477c660) thrown at [C:\jenkins\workspace\zulu-platform-build\zulu-src.git\hotspot\src\share\vm\prims\jvm.cpp, line 1514]
Event: 23.102 Thread 0x000001223d11a800 Exception <a 'java/lang/ClassNotFoundException': Script1BeanInfo> (0x00000000e49366a0) thrown at [C:\jenkins\workspace\zulu-platform-build\zulu-src.git\hotspot\src\share\vm\classfile\systemDictionary.cpp, line 220]
Event: 23.115 Thread 0x000001223d11a800 Exception <a 'java/lang/ClassNotFoundException': Script1Customizer> (0x00000000e49bac28) thrown at [C:\jenkins\workspace\zulu-platform-build\zulu-src.git\hotspot\src\share\vm\classfile\systemDictionary.cpp, line 220]
Event: 23.189 Thread 0x000001223d11a800 Exception <a 'java/lang/ClassNotFoundException': com/kms/katalon/core/webui/keyword/builtin/SetEncryptedTextKeywordBeanInfo> (0x00000000e4bf8a70) thrown at [C:\jenkins\workspace\zulu-platform-build\zulu-src.git\hotspot\src\share\vm\classfile\systemDiction
Event: 23.202 Thread 0x000001223d11a800 Exception <a 'java/lang/ClassNotFoundException': com/kms/katalon/core/webui/keyword/builtin/SetEncryptedTextKeywordCustomizer> (0x00000000e4ce7e48) thrown at [C:\jenkins\workspace\zulu-platform-build\zulu-src.git\hotspot\src\share\vm\classfile\systemDicti
Event: 23.316 Thread 0x000001223d11a800 Exception <a 'java/net/SocketTimeoutException': Read timed out> (0x00000000e4fdf430) thrown at [C:\jenkins\workspace\zulu-platform-build\zulu-src.git\hotspot\src\share\vm\prims\jni.cpp, line 736]

Events (10 events):
Event: 23.293 loading class javax/xml/datatype/XMLGregorianCalendar
Event: 23.294 loading class javax/xml/datatype/XMLGregorianCalendar done
Event: 23.297 loading class javax/crypto/NullCipher
Event: 23.298 loading class javax/crypto/NullCipher done
Event: 23.298 loading class com/sun/crypto/provider/RangeUtil
Event: 23.298 loading class com/sun/crypto/provider/RangeUtil done
Event: 23.300 loading class com/sun/crypto/provider/Preconditions
Event: 23.300 loading class com/sun/crypto/provider/Preconditions done
Event: 23.306 loading class com/sun/crypto/provider/Preconditions$1
Event: 23.306 loading class com/sun/crypto/provider/Preconditions$1 done


Dynamic libraries:
0x00007ff73a3a0000 - 0x00007ff73a3f1000 	C:\Users\frisk\.katalon\packages\Katalon_Studio_Windows_64-8.6.5\Katalon_Studio_Windows_64-8.6.5\jre\bin\javaw.exe
0x00007ffeb65d0000 - 0x00007ffeb67e4000 	C:\WINDOWS\SYSTEM32\ntdll.dll
0x00007ffeb5370000 - 0x00007ffeb5434000 	C:\WINDOWS\System32\KERNEL32.DLL
0x00007ffeb3b60000 - 0x00007ffeb3f04000 	C:\WINDOWS\System32\KERNELBASE.dll
0x00007ffeb5e30000 - 0x00007ffeb5ee0000 	C:\WINDOWS\System32\ADVAPI32.dll
0x00007ffeb61b0000 - 0x00007ffeb6257000 	C:\WINDOWS\System32\msvcrt.dll
0x00007ffeb5ee0000 - 0x00007ffeb5f86000 	C:\WINDOWS\System32\sechost.dll
0x00007ffeb4370000 - 0x00007ffeb4487000 	C:\WINDOWS\System32\RPCRT4.dll
0x00007ffeb57f0000 - 0x00007ffeb599e000 	C:\WINDOWS\System32\USER32.dll
0x00007ffeb42c0000 - 0x00007ffeb42e6000 	C:\WINDOWS\System32\win32u.dll
0x00007ffeb5d30000 - 0x00007ffeb5d59000 	C:\WINDOWS\System32\GDI32.dll
0x00007ffeb4100000 - 0x00007ffeb4218000 	C:\WINDOWS\System32\gdi32full.dll
0x00007ffeb4220000 - 0x00007ffeb42ba000 	C:\WINDOWS\System32\msvcp_win.dll
0x00007ffeb3a40000 - 0x00007ffeb3b51000 	C:\WINDOWS\System32\ucrtbase.dll
0x00007ffea3a20000 - 0x00007ffea3cb3000 	C:\WINDOWS\WinSxS\amd64_microsoft.windows.common-controls_6595b64144ccf1df_6.0.22621.2215_none_270d72677387dfc3\COMCTL32.dll
0x00007ffeb5720000 - 0x00007ffeb5751000 	C:\WINDOWS\System32\IMM32.DLL
0x0000000052040000 - 0x00000000528b0000 	C:\Users\frisk\.katalon\packages\Katalon_Studio_Windows_64-8.6.5\Katalon_Studio_Windows_64-8.6.5\jre\bin\server\jvm.dll
0x00007ffeb4360000 - 0x00007ffeb4368000 	C:\WINDOWS\System32\PSAPI.DLL
0x00007ffeaa270000 - 0x00007ffeaa279000 	C:\WINDOWS\SYSTEM32\WSOCK32.dll
0x00007ffeb6130000 - 0x00007ffeb61a1000 	C:\WINDOWS\System32\WS2_32.dll
0x00007ffea9220000 - 0x00007ffea9254000 	C:\WINDOWS\SYSTEM32\WINMM.dll
0x00007ffea99c0000 - 0x00007ffea99ca000 	C:\WINDOWS\SYSTEM32\VERSION.dll
0x00007ffea18a0000 - 0x00007ffea18bb000 	C:\WINDOWS\SYSTEM32\VCRUNTIME140.dll
0x00007ffeb29d0000 - 0x00007ffeb29e8000 	C:\WINDOWS\SYSTEM32\kernel.appcore.dll
0x00007ffea9920000 - 0x00007ffea9930000 	C:\Users\frisk\.katalon\packages\Katalon_Studio_Windows_64-8.6.5\Katalon_Studio_Windows_64-8.6.5\jre\bin\verify.dll
0x00007ffea46c0000 - 0x00007ffea46eb000 	C:\Users\frisk\.katalon\packages\Katalon_Studio_Windows_64-8.6.5\Katalon_Studio_Windows_64-8.6.5\jre\bin\java.dll
0x00007ffea5e00000 - 0x00007ffea5e18000 	C:\Users\frisk\.katalon\packages\Katalon_Studio_Windows_64-8.6.5\Katalon_Studio_Windows_64-8.6.5\jre\bin\zip.dll
0x00007ffeb44f0000 - 0x00007ffeb4d13000 	C:\WINDOWS\System32\SHELL32.dll
0x00007ffeb1910000 - 0x00007ffeb21fa000 	C:\WINDOWS\SYSTEM32\windows.storage.dll
0x00007ffeb59a0000 - 0x00007ffeb5d2a000 	C:\WINDOWS\System32\combase.dll
0x00007ffeb17d0000 - 0x00007ffeb190e000 	C:\WINDOWS\SYSTEM32\wintypes.dll
0x00007ffeb5440000 - 0x00007ffeb5533000 	C:\WINDOWS\System32\SHCORE.dll
0x00007ffeb5dd0000 - 0x00007ffeb5e2e000 	C:\WINDOWS\System32\shlwapi.dll
0x00007ffeb38b0000 - 0x00007ffeb38d6000 	C:\WINDOWS\SYSTEM32\profapi.dll
0x00007ffea46a0000 - 0x00007ffea46bc000 	C:\Users\frisk\.katalon\packages\Katalon_Studio_Windows_64-8.6.5\Katalon_Studio_Windows_64-8.6.5\jre\bin\net.dll
0x00007ffeb2e50000 - 0x00007ffeb2eb9000 	C:\WINDOWS\system32\mswsock.dll
0x00007ffea4680000 - 0x00007ffea4693000 	C:\Users\frisk\.katalon\packages\Katalon_Studio_Windows_64-8.6.5\Katalon_Studio_Windows_64-8.6.5\jre\bin\nio.dll
0x00007ffeb2480000 - 0x00007ffeb2572000 	C:\WINDOWS\SYSTEM32\DNSAPI.dll
0x00007ffeb23e0000 - 0x00007ffeb240d000 	C:\WINDOWS\SYSTEM32\IPHLPAPI.DLL
0x00007ffeb55c0000 - 0x00007ffeb55c9000 	C:\WINDOWS\System32\NSI.dll
0x00007ffea94c0000 - 0x00007ffea94ca000 	C:\Windows\System32\rasadhlp.dll
0x00007ffea96a0000 - 0x00007ffea9724000 	C:\WINDOWS\System32\fwpuclnt.dll
0x00007ffe99dc0000 - 0x00007ffe99de4000 	C:\Users\frisk\.katalon\packages\Katalon_Studio_Windows_64-8.6.5\Katalon_Studio_Windows_64-8.6.5\jre\bin\sunec.dll
0x00007ffea6e80000 - 0x00007ffea6e8d000 	C:\Users\frisk\.katalon\packages\Katalon_Studio_Windows_64-8.6.5\Katalon_Studio_Windows_64-8.6.5\jre\bin\sunmscapi.dll
0x00007ffeb3f10000 - 0x00007ffeb4076000 	C:\WINDOWS\System32\CRYPT32.dll
0x00007ffeb32a0000 - 0x00007ffeb32ce000 	C:\WINDOWS\SYSTEM32\ncrypt.dll
0x00007ffeb3260000 - 0x00007ffeb3297000 	C:\WINDOWS\SYSTEM32\NTASN1.dll
0x00007ffeb30a0000 - 0x00007ffeb30bb000 	C:\WINDOWS\SYSTEM32\CRYPTSP.dll
0x00007ffeb2940000 - 0x00007ffeb2975000 	C:\WINDOWS\system32\rsaenh.dll
0x00007ffeb2f40000 - 0x00007ffeb2f6c000 	C:\WINDOWS\SYSTEM32\USERENV.dll
0x00007ffeb32d0000 - 0x00007ffeb32f8000 	C:\WINDOWS\SYSTEM32\bcrypt.dll
0x00007ffeb4080000 - 0x00007ffeb40fa000 	C:\WINDOWS\System32\bcryptprimitives.dll
0x00007ffeb30c0000 - 0x00007ffeb30cc000 	C:\WINDOWS\SYSTEM32\CRYPTBASE.dll
0x00007ffeac8f0000 - 0x00007ffeac909000 	C:\WINDOWS\SYSTEM32\dhcpcsvc6.DLL
0x00007ffeaa750000 - 0x00007ffeaa76f000 	C:\WINDOWS\SYSTEM32\dhcpcsvc.DLL

VM Arguments:
jvm_args: -Dgroovy.home=C:\Users\frisk/.groovy -Djava.system.class.loader=groovy.lang.GroovyClassLoader -Xmx2048m -Dfile.encoding=UTF-8 
java_command: org.codehaus.groovy.tools.GroovyStarter --classpath D:\Mini Project_TajaLapak\bin\keyword;D:\Mini Project_TajaLapak\Keywords;D:\Mini Project_TajaLapak\bin\listener;D:\Mini Project_TajaLapak\Test Listeners;D:\Mini Project_TajaLapak\bin\lib;D:\Mini Project_TajaLapak\Libs;D:\Mini Project_TajaLapak\bin\groovy;D:\Mini Project_TajaLapak\Include\scripts\groovy;C:\Users\frisk\.katalon\packages\Katalon_Studio_Windows_64-8.6.5\Katalon_Studio_Windows_64-8.6.5\plugins\com.kms.katalon.core_1.0.0.202305240718.jar;C:\Users\frisk\.katalon\packages\Katalon_Studio_Windows_64-8.6.5\Katalon_Studio_Windows_64-8.6.5\configuration\resources\lib\aalto-xml-1.0.0.jar;C:\Users\frisk\.katalon\packages\Katalon_Studio_Windows_64-8.6.5\Katalon_Studio_Windows_64-8.6.5\configuration\resources\lib\aspectjweaver-1.9.1.jar;C:\Users\frisk\.katalon\packages\Katalon_Studio_Windows_64-8.6.5\Katalon_Studio_Windows_64-8.6.5\configuration\resources\lib\bcpkix-jdk15on-1.64.jar;C:\Users\frisk\.katalon\packages\Katalon_Studio_Windows_64-8.6.5\Katalon_Studio_Windows_64-8.6.5\configuration\resources\lib\bcprov-jdk15on-1.64.jar;C:\Users\frisk\.katalon\packages\Katalon_Studio_Windows_64-8.6.5\Katalon_Studio_Windows_64-8.6.5\configuration\resources\lib\browsermob-core-2.1.5.jar;C:\Users\frisk\.katalon\packages\Katalon_Studio_Windows_64-8.6.5\Katalon_Studio_Windows_64-8.6.5\configuration\resources\lib\cglib-3.2.10.jar;C:\Users\frisk\.katalon\packages\Katalon_Studio_Windows_64-8.6.5\Katalon_Studio_Windows_64-8.6.5\configuration\resources\lib\commons-codec-1.10.jar;C:\Users\frisk\.katalon\packages\Katalon_Studio_Windows_64-8.6.5\Katalon_Studio_Windows_64-8.6.5\configuration\resources\lib\commons-collections4-4.1.jar;C:\Users\frisk\.katalon\packages\Katalon_Studio_Windows_64-8.6.5\Katalon_Studio_Windows_64-8.6.5\configuration\resources\lib\commons-validator-1.6.jar;C:\Users\frisk\.katalon\packages\Katalon_Studio_Windows_64-8.6.5\Katalon_Studio_Windows_64-8.6.5\configuration\resources\lib\curvesapi-1.04.j
java_class_path (initial): D:\Mini Project_TajaLapak\bin\keyword;D:\Mini Project_TajaLapak\bin\listener;D:\Mini Project_TajaLapak\bin\lib;D:\Mini Project_TajaLapak\bin\groovy;D:\Mini Project_TajaLapak\bin;C:\Users\frisk\.katalon\packages\Katalon_Studio_Windows_64-8.6.5\Katalon_Studio_Windows_64-8.6.5\plugins\com.kms.katalon.core_1.0.0.202305240718.jar;C:\Users\frisk\.katalon\packages\Katalon_Studio_Windows_64-8.6.5\Katalon_Studio_Windows_64-8.6.5\configuration\resources\lib\aalto-xml-1.0.0.jar;C:\Users\frisk\.katalon\packages\Katalon_Studio_Windows_64-8.6.5\Katalon_Studio_Windows_64-8.6.5\configuration\resources\lib\aspectjweaver-1.9.1.jar;C:\Users\frisk\.katalon\packages\Katalon_Studio_Windows_64-8.6.5\Katalon_Studio_Windows_64-8.6.5\configuration\resources\lib\bcpkix-jdk15on-1.64.jar;C:\Users\frisk\.katalon\packages\Katalon_Studio_Windows_64-8.6.5\Katalon_Studio_Windows_64-8.6.5\configuration\resources\lib\bcprov-jdk15on-1.64.jar;C:\Users\frisk\.katalon\packages\Katalon_Studio_Windows_64-8.6.5\Katalon_Studio_Windows_64-8.6.5\configuration\resources\lib\browsermob-core-2.1.5.jar;C:\Users\frisk\.katalon\packages\Katalon_Studio_Windows_64-8.6.5\Katalon_Studio_Windows_64-8.6.5\configuration\resources\lib\cglib-3.2.10.jar;C:\Users\frisk\.katalon\packages\Katalon_Studio_Windows_64-8.6.5\Katalon_Studio_Windows_64-8.6.5\configuration\resources\lib\commons-codec-1.10.jar;C:\Users\frisk\.katalon\packages\Katalon_Studio_Windows_64-8.6.5\Katalon_Studio_Windows_64-8.6.5\configuration\resources\lib\commons-collections4-4.1.jar;C:\Users\frisk\.katalon\packages\Katalon_Studio_Windows_64-8.6.5\Katalon_Studio_Windows_64-8.6.5\configuration\resources\lib\commons-validator-1.6.jar;C:\Users\frisk\.katalon\packages\Katalon_Studio_Windows_64-8.6.5\Katalon_Studio_Windows_64-8.6.5\configuration\resources\lib\curvesapi-1.04.jar;C:\Users\frisk\.katalon\packages\Katalon_Studio_Windows_64-8.6.5\Katalon_Studio_Windows_64-8.6.5\configuration\resources\lib\dnsjava-2.1.8.jar;C:\Users\frisk\.kat
Launcher Type: SUN_STANDARD

Environment Variables:
PATH=C:/Users/frisk/.katalon/packages/Katalon_Studio_Windows_64-8.6.5/Katalon_Studio_Windows_64-8.6.5/jre/bin/server;C:/Users/frisk/.katalon/packages/Katalon_Studio_Windows_64-8.6.5/Katalon_Studio_Windows_64-8.6.5/jre/bin;C:/Users/frisk/.katalon/packages/Katalon_Studio_Windows_64-8.6.5/Katalon_Studio_Windows_64-8.6.5/jre/lib/amd64;C:\Program Files\Common Files\Oracle\Java\javapath;C:\Python310\Scripts\;C:\Python310\;C:\Program Files (x86)\VMware\VMware Workstation\bin\;C:\WINDOWS\system32;C:\WINDOWS;C:\WINDOWS\System32\Wbem;C:\WINDOWS\System32\WindowsPowerShell\v1.0\;C:\WINDOWS\System32\OpenSSH\;C:\Program Files\Git\cmd;C:\Program Files\nodejs\;C:\Users\frisk\AppData\Local\Microsoft\WindowsApps;C:\Users\frisk\AppData\Local\GitHubDesktop\bin;C:\Users\frisk\AppData\Local\Programs\Microsoft VS Code\bin;C:\Users\frisk\AppData\Roaming\npm;C:\Users\frisk\.katalon\packages\Katalon_Studio_Windows_64-8.6.5\Katalon_Studio_Windows_64-8.6.5;
USERNAME=Friskaa
OS=Windows_NT
PROCESSOR_IDENTIFIER=Intel64 Family 6 Model 140 Stepping 1, GenuineIntel



---------------  S Y S T E M  ---------------

OS: Windows 11 , 64 bit Build 22621 (10.0.22621.2215)

CPU:total 4 (initial active 4) (2 cores per cpu, 2 threads per core) family 6 model 140 stepping 1, cmov, cx8, fxsr, mmx, sse, sse2, sse3, ssse3, sse4.1, sse4.2, popcnt, avx, avx2, aes, clmul, erms, 3dnowpref, lzcnt, ht, tsc, tscinvbit, bmi1, bmi2, adx

Memory: 4k page, physical 12270260k(211016k free), swap 25411932k(4780k free)

vm_info: OpenJDK 64-Bit Server VM (25.362-b09) for windows-amd64 JRE (Zulu 8.68.0.21-CA-win64) (1.8.0_362-b09), built on Jan 19 2023 16:49:02 by "tester" with MS VC++ 15.9 (VS2017)

time: Fri Sep 22 10:29:01 2023
timezone: SE Asia Standard Time
elapsed time: 23.365195 seconds (0d 0h 0m 23s)

